2022-10-21 20:06:51,400:INFO:PyCaret Supervised Module
2022-10-21 20:06:51,400:INFO:ML Usecase: classification
2022-10-21 20:06:51,400:INFO:version 2.3.0
2022-10-21 20:06:51,400:INFO:Initializing setup()
2022-10-21 20:06:51,400:INFO:setup(target=Age, ml_usecase=classification, available_plots={'parameter': 'Hyperparameters', 'auc': 'AUC', 'confusion_matrix': 'Confusion Matrix', 'threshold': 'Threshold', 'pr': 'Precision Recall', 'error': 'Prediction Error', 'class_report': 'Class Report', 'rfe': 'Feature Selection', 'learning': 'Learning Curve', 'manifold': 'Manifold Learning', 'calibration': 'Calibration Curve', 'vc': 'Validation Curve', 'dimension': 'Dimensions', 'feature': 'Feature Importance', 'feature_all': 'Feature Importance (All)', 'boundary': 'Decision Boundary', 'lift': 'Lift Chart', 'gain': 'Gain Chart', 'tree': 'Decision Tree'}, train_size=0.7, test_data=None, preprocess=True, imputation_type=simple, iterative_imputation_iters=5, categorical_features=None, categorical_imputation=constant, categorical_iterative_imputer=lightgbm, ordinal_features=None, high_cardinality_features=None, high_cardinality_method=frequency, numeric_features=None, numeric_imputation=mean, numeric_iterative_imputer=lightgbm, date_features=None, ignore_features=None, normalize=False, normalize_method=zscore, transformation=False, transformation_method=yeo-johnson, handle_unknown_categorical=True, unknown_categorical_method=least_frequent, pca=False, pca_method=linear, pca_components=None, ignore_low_variance=False, combine_rare_levels=False, rare_level_threshold=0.1, bin_numeric_features=None, remove_outliers=False, outliers_threshold=0.05, remove_multicollinearity=False, multicollinearity_threshold=0.9, remove_perfect_collinearity=True, create_clusters=False, cluster_iter=20, polynomial_features=False, polynomial_degree=2, trigonometry_features=False, polynomial_threshold=0.1, group_features=None, group_names=None, feature_selection=False, feature_selection_threshold=0.8, feature_selection_method=classic, feature_interaction=False, feature_ratio=False, interaction_threshold=0.01, fix_imbalance=False, fix_imbalance_method=None, transform_target=False, transform_target_method=box-cox, data_split_shuffle=True, data_split_stratify=False, fold_strategy=stratifiedkfold, fold=10, fold_shuffle=False, fold_groups=None, n_jobs=-1, use_gpu=False, custom_pipeline=None, html=True, session_id=123, log_experiment=False, experiment_name=None, log_plots=False, log_profile=False, log_data=False, silent=False, verbose=True, profile=False, profile_kwargs=None, display=None)
2022-10-21 20:06:51,400:INFO:Checking environment
2022-10-21 20:06:51,400:INFO:python_version: 3.9.13
2022-10-21 20:06:51,400:INFO:python_build: ('main', 'May 27 2022 17:00:33')
2022-10-21 20:06:51,400:INFO:machine: arm64
2022-10-21 20:06:51,400:INFO:platform: macOS-12.5-arm64-arm-64bit
2022-10-21 20:06:51,400:INFO:Memory: svmem(total=8589934592, available=1707229184, percent=80.1, used=3138387968, free=63488000, active=1645674496, inactive=1602437120, wired=1492713472)
2022-10-21 20:06:51,400:INFO:Physical Core: 8
2022-10-21 20:06:51,400:INFO:Logical Core: 8
2022-10-21 20:06:51,400:INFO:Checking libraries
2022-10-21 20:06:51,400:INFO:pd==1.4.3
2022-10-21 20:06:51,400:INFO:numpy==1.22.4
2022-10-21 20:06:51,400:INFO:sklearn==1.1.1
2022-10-21 20:06:51,400:INFO:lightgbm==3.3.3
2022-10-21 20:06:51,401:WARNING:catboost not found
2022-10-21 20:06:51,401:WARNING:xgboost not found
2022-10-21 20:06:52,126:INFO:mlflow==1.30.0
2022-10-21 20:06:52,126:INFO:Checking Exceptions
2022-10-21 20:06:52,132:INFO:Declaring global variables
2022-10-21 20:06:52,132:INFO:USI: 523b
2022-10-21 20:06:52,132:INFO:pycaret_globals: {'fix_imbalance_method_param', 'X_train', 'transform_target_method_param', 'n_jobs_param', 'display_container', 'master_model_container', '_all_models_internal', 'y_test', 'stratify_param', 'log_plots_param', 'target_param', '_all_metrics', 'gpu_param', 'fix_imbalance_param', 'pycaret_globals', 'y_train', 'USI', 'fold_shuffle_param', 'html_param', 'imputation_regressor', 'fold_param', '_all_models', 'transform_target_param', '_internal_pipeline', 'fold_groups_param', 'X', 'iterative_imputation_iters_param', 'exp_name_log', 'fold_generator', 'create_model_container', 'y', '_ml_usecase', 'X_test', 'seed', '_available_plots', 'logging_param', 'imputation_classifier', 'prep_pipe', 'experiment__', 'data_before_preprocess', '_gpu_n_jobs_param'}
2022-10-21 20:06:52,132:INFO:Preparing display monitor
2022-10-21 20:06:52,132:INFO:Preparing display monitor
2022-10-21 20:06:52,142:INFO:Importing libraries
2022-10-21 20:06:52,142:INFO:Copying data for preprocessing
2022-10-21 20:06:55,486:INFO:Declaring preprocessing parameters
2022-10-21 20:06:56,769:INFO:Creating preprocessing pipeline
2022-10-21 20:07:08,795:INFO:Preprocessing pipeline created successfully
2022-10-21 20:07:08,795:ERROR:(Process Exit): setup has been interupted with user command 'quit'. setup must rerun.
2022-10-21 20:07:08,795:INFO:Creating global containers
2022-10-21 20:07:08,801:INFO:Internal pipeline: Pipeline(memory=None, steps=[('empty_step', 'passthrough')], verbose=False)
2022-10-21 20:29:00,466:INFO:PyCaret Supervised Module
2022-10-21 20:29:00,466:INFO:ML Usecase: classification
2022-10-21 20:29:00,466:INFO:version 2.3.0
2022-10-21 20:29:00,466:INFO:Initializing setup()
2022-10-21 20:29:00,466:INFO:setup(target=Age, ml_usecase=classification, available_plots={'parameter': 'Hyperparameters', 'auc': 'AUC', 'confusion_matrix': 'Confusion Matrix', 'threshold': 'Threshold', 'pr': 'Precision Recall', 'error': 'Prediction Error', 'class_report': 'Class Report', 'rfe': 'Feature Selection', 'learning': 'Learning Curve', 'manifold': 'Manifold Learning', 'calibration': 'Calibration Curve', 'vc': 'Validation Curve', 'dimension': 'Dimensions', 'feature': 'Feature Importance', 'feature_all': 'Feature Importance (All)', 'boundary': 'Decision Boundary', 'lift': 'Lift Chart', 'gain': 'Gain Chart', 'tree': 'Decision Tree'}, train_size=0.7, test_data=None, preprocess=True, imputation_type=simple, iterative_imputation_iters=5, categorical_features=None, categorical_imputation=constant, categorical_iterative_imputer=lightgbm, ordinal_features=None, high_cardinality_features=None, high_cardinality_method=frequency, numeric_features=None, numeric_imputation=mean, numeric_iterative_imputer=lightgbm, date_features=None, ignore_features=None, normalize=False, normalize_method=zscore, transformation=False, transformation_method=yeo-johnson, handle_unknown_categorical=True, unknown_categorical_method=least_frequent, pca=False, pca_method=linear, pca_components=None, ignore_low_variance=False, combine_rare_levels=False, rare_level_threshold=0.1, bin_numeric_features=None, remove_outliers=False, outliers_threshold=0.05, remove_multicollinearity=False, multicollinearity_threshold=0.9, remove_perfect_collinearity=True, create_clusters=False, cluster_iter=20, polynomial_features=False, polynomial_degree=2, trigonometry_features=False, polynomial_threshold=0.1, group_features=None, group_names=None, feature_selection=False, feature_selection_threshold=0.8, feature_selection_method=classic, feature_interaction=False, feature_ratio=False, interaction_threshold=0.01, fix_imbalance=False, fix_imbalance_method=None, transform_target=False, transform_target_method=box-cox, data_split_shuffle=True, data_split_stratify=False, fold_strategy=stratifiedkfold, fold=10, fold_shuffle=False, fold_groups=None, n_jobs=-1, use_gpu=False, custom_pipeline=None, html=True, session_id=123, log_experiment=False, experiment_name=None, log_plots=False, log_profile=False, log_data=False, silent=False, verbose=True, profile=False, profile_kwargs=None, display=None)
2022-10-21 20:29:00,466:INFO:Checking environment
2022-10-21 20:29:00,466:INFO:python_version: 3.9.13
2022-10-21 20:29:00,466:INFO:python_build: ('main', 'May 27 2022 17:00:33')
2022-10-21 20:29:00,466:INFO:machine: arm64
2022-10-21 20:29:00,466:INFO:platform: macOS-12.5-arm64-arm-64bit
2022-10-21 20:29:00,466:INFO:Memory: svmem(total=8589934592, available=2285076480, percent=73.4, used=3545677824, free=279855104, active=2020786176, inactive=1496956928, wired=1524891648)
2022-10-21 20:29:00,466:INFO:Physical Core: 8
2022-10-21 20:29:00,466:INFO:Logical Core: 8
2022-10-21 20:29:00,466:INFO:Checking libraries
2022-10-21 20:29:00,466:INFO:pd==1.4.3
2022-10-21 20:29:00,466:INFO:numpy==1.19.5
2022-10-21 20:29:00,466:INFO:sklearn==1.1.1
2022-10-21 20:29:00,466:INFO:lightgbm==3.3.3
2022-10-21 20:29:00,466:WARNING:catboost not found
2022-10-21 20:29:00,466:WARNING:xgboost not found
2022-10-21 20:29:00,641:INFO:mlflow==1.30.0
2022-10-21 20:29:00,641:INFO:Checking Exceptions
2022-10-21 20:29:00,644:INFO:Declaring global variables
2022-10-21 20:29:00,644:INFO:USI: c459
2022-10-21 20:29:00,644:INFO:pycaret_globals: {'fold_shuffle_param', 'seed', 'transform_target_param', 'imputation_regressor', 'X_test', 'gpu_param', 'experiment__', 'USI', 'imputation_classifier', 'prep_pipe', 'stratify_param', 'pycaret_globals', 'fix_imbalance_param', 'y', 'target_param', 'exp_name_log', 'X', 'fix_imbalance_method_param', '_gpu_n_jobs_param', '_ml_usecase', 'fold_param', '_all_models', 'X_train', '_all_metrics', 'y_test', 'transform_target_method_param', 'data_before_preprocess', 'fold_generator', 'logging_param', 'iterative_imputation_iters_param', 'create_model_container', 'log_plots_param', 'master_model_container', '_available_plots', 'html_param', 'display_container', 'n_jobs_param', '_internal_pipeline', 'fold_groups_param', 'y_train', '_all_models_internal'}
2022-10-21 20:29:00,644:INFO:Preparing display monitor
2022-10-21 20:29:00,644:INFO:Preparing display monitor
2022-10-21 20:29:00,649:INFO:Importing libraries
2022-10-21 20:29:00,649:INFO:Copying data for preprocessing
2022-10-21 20:29:01,194:INFO:Declaring preprocessing parameters
2022-10-21 20:29:03,112:INFO:Creating preprocessing pipeline
2022-10-21 20:29:14,993:INFO:Preprocessing pipeline created successfully
2022-10-21 20:29:14,993:ERROR:(Process Exit): setup has been interupted with user command 'quit'. setup must rerun.
2022-10-21 20:29:14,993:INFO:Creating global containers
2022-10-21 20:29:15,006:INFO:Internal pipeline: Pipeline(memory=None, steps=[('empty_step', 'passthrough')], verbose=False)
